This is pdfTeX, Version 3.14159265-2.6-1.40.20 (TeX Live 2019) (preloaded format=pdflatex 2020.2.26)  26 APR 2020 16:08
entering extended mode
 restricted \write18 enabled.
 file:line:error style messages enabled.
 %&-line parsing enabled.
**/Users/knapen/Documents/grants/NWO_vici_2020/templates/template.latex
(/Users/knapen/Documents/grants/NWO_vici_2020/templates/template.latex
LaTeX2e <2020-02-02> patch level 3
L3 programming layer <2020-02-21>

! LaTeX Error: File `$documentclass$.cls' not found.

Type X to quit or <RETURN> to proceed,
or enter new name. (Default extension: cls)

Enter file name: 
/Users/knapen/Documents/grants/NWO_vici_2020/templates/template.latex:2: Emergency stop.
<read *> 
         
l.2 $
     if(fontfamily)$^^M
*** (cannot \read from terminal in nonstop modes)

 
Here is how much of TeX's memory you used:
 24 strings out of 481228
 722 string characters out of 5917507
 236622 words of memory out of 5000000
 15399 multiletter control sequences out of 15000+600000
 532338 words of font info for 24 fonts, out of 8000000 for 9000
 1141 hyphenation exceptions out of 8191
 14i,0n,17p,280b,10s stack positions out of 5000i,500n,10000p,200000b,80000s
/Users/knapen/Documents/grants/NWO_vici_2020/templates/template.latex:2:  ==> Fatal error occurred, no output PDF file produced!
